This file contains any messages produced by compilers while
running configure, to aid debugging if configure makes a mistake.

It was created by nloptr configure 1.0.1, which was
generated by GNU Autoconf 2.69.  Invocation command line was

  $ ./configure 

## --------- ##
## Platform. ##
## --------- ##

hostname = vilsen-ThinkPad-X250
uname -m = x86_64
uname -r = 4.4.0-130-generic
uname -s = Linux
uname -v = #156-Ubuntu SMP Thu Jun 14 08:53:28 UTC 2018

/usr/bin/uname -p = unknown
/bin/uname -X     = unknown

/bin/arch              = unknown
/usr/bin/arch -k       = unknown
/usr/convex/getsysinfo = unknown
/usr/bin/hostinfo      = unknown
/bin/machine           = unknown
/usr/bin/oslevel       = unknown
/bin/universe          = unknown

PATH: /home/vilsen/bin
PATH: /home/vilsen/.local/bin
PATH: /usr/local/sbin
PATH: /usr/local/bin
PATH: /usr/sbin
PATH: /usr/bin
PATH: /sbin
PATH: /bin
PATH: /usr/games
PATH: /usr/local/games
PATH: /snap/bin


## ----------- ##
## Core tests. ##
## ----------- ##

configure:2046: checking for g++
configure:2062: found /usr/bin/g++
configure:2073: result: g++
configure:2100: checking for C++ compiler version
configure:2109: g++ --version >&5
g++ (Ubuntu 5.4.0-6ubuntu1~16.04.10) 5.4.0 20160609
Copyright (C) 2015 Free Software Foundation, Inc.
This is free software; see the source for copying conditions.  There is NO
warranty; not even for MERCHANTABILITY or FITNESS FOR A PARTICULAR PURPOSE.

configure:2120: $? = 0
configure:2109: g++ -v >&5
Using built-in specs.
COLLECT_GCC=g++
COLLECT_LTO_WRAPPER=/usr/lib/gcc/x86_64-linux-gnu/5/lto-wrapper
Target: x86_64-linux-gnu
Configured with: ../src/configure -v --with-pkgversion='Ubuntu 5.4.0-6ubuntu1~16.04.10' --with-bugurl=file:///usr/share/doc/gcc-5/README.Bugs --enable-languages=c,ada,c++,java,go,d,fortran,objc,obj-c++ --prefix=/usr --program-suffix=-5 --enable-shared --enable-linker-build-id --libexecdir=/usr/lib --without-included-gettext --enable-threads=posix --libdir=/usr/lib --enable-nls --with-sysroot=/ --enable-clocale=gnu --enable-libstdcxx-debug --enable-libstdcxx-time=yes --with-default-libstdcxx-abi=new --enable-gnu-unique-object --disable-vtable-verify --enable-libmpx --enable-plugin --with-system-zlib --disable-browser-plugin --enable-java-awt=gtk --enable-gtk-cairo --with-java-home=/usr/lib/jvm/java-1.5.0-gcj-5-amd64/jre --enable-java-home --with-jvm-root-dir=/usr/lib/jvm/java-1.5.0-gcj-5-amd64 --with-jvm-jar-dir=/usr/lib/jvm-exports/java-1.5.0-gcj-5-amd64 --with-arch-directory=amd64 --with-ecj-jar=/usr/share/java/eclipse-ecj.jar --enable-objc-gc --enable-multiarch --disable-werror --with-arch-32=i686 --with-abi=m64 --with-multilib-list=m32,m64,mx32 --enable-multilib --with-tune=generic --enable-checking=release --build=x86_64-linux-gnu --host=x86_64-linux-gnu --target=x86_64-linux-gnu
Thread model: posix
gcc version 5.4.0 20160609 (Ubuntu 5.4.0-6ubuntu1~16.04.10) 
configure:2120: $? = 0
configure:2109: g++ -V >&5
g++: error: unrecognized command line option '-V'
g++: fatal error: no input files
compilation terminated.
configure:2120: $? = 1
configure:2109: g++ -qversion >&5
g++: error: unrecognized command line option '-qversion'
g++: fatal error: no input files
compilation terminated.
configure:2120: $? = 1
configure:2140: checking whether the C++ compiler works
configure:2162: g++    conftest.cpp  >&5
configure:2166: $? = 0
configure:2214: result: yes
configure:2217: checking for C++ compiler default output file name
configure:2219: result: a.out
configure:2225: checking for suffix of executables
configure:2232: g++ -o conftest    conftest.cpp  >&5
configure:2236: $? = 0
configure:2258: result: 
configure:2280: checking whether we are cross compiling
configure:2288: g++ -o conftest    conftest.cpp  >&5
configure:2292: $? = 0
configure:2299: ./conftest
configure:2303: $? = 0
configure:2318: result: no
configure:2323: checking for suffix of object files
configure:2345: g++ -c   conftest.cpp >&5
configure:2349: $? = 0
configure:2370: result: o
configure:2374: checking whether we are using the GNU C++ compiler
configure:2393: g++ -c   conftest.cpp >&5
configure:2393: $? = 0
configure:2402: result: yes
configure:2411: checking whether g++ accepts -g
configure:2431: g++ -c -g  conftest.cpp >&5
configure:2431: $? = 0
configure:2472: result: yes
configure:2501: checking how to run the C++ preprocessor
configure:2528: g++ -E  conftest.cpp
configure:2528: $? = 0
configure:2542: g++ -E  conftest.cpp
conftest.cpp:9:28: fatal error: ac_nonexistent.h: No such file or directory
compilation terminated.
configure:2542: $? = 1
configure: failed program was:
| /* confdefs.h */
| #define PACKAGE_NAME "nloptr"
| #define PACKAGE_TARNAME "nloptr"
| #define PACKAGE_VERSION "1.0.1"
| #define PACKAGE_STRING "nloptr 1.0.1"
| #define PACKAGE_BUGREPORT ""
| #define PACKAGE_URL ""
| /* end confdefs.h.  */
| #include <ac_nonexistent.h>
configure:2567: result: g++ -E
configure:2587: g++ -E  conftest.cpp
configure:2587: $? = 0
configure:2601: g++ -E  conftest.cpp
conftest.cpp:9:28: fatal error: ac_nonexistent.h: No such file or directory
compilation terminated.
configure:2601: $? = 1
configure: failed program was:
| /* confdefs.h */
| #define PACKAGE_NAME "nloptr"
| #define PACKAGE_TARNAME "nloptr"
| #define PACKAGE_VERSION "1.0.1"
| #define PACKAGE_STRING "nloptr 1.0.1"
| #define PACKAGE_BUGREPORT ""
| #define PACKAGE_URL ""
| /* end confdefs.h.  */
| #include <ac_nonexistent.h>
configure:2743: checking for C++ compiler version
configure:2752: g++ --version >&5
g++ (Ubuntu 5.4.0-6ubuntu1~16.04.10) 5.4.0 20160609
Copyright (C) 2015 Free Software Foundation, Inc.
This is free software; see the source for copying conditions.  There is NO
warranty; not even for MERCHANTABILITY or FITNESS FOR A PARTICULAR PURPOSE.

configure:2763: $? = 0
configure:2752: g++ -v >&5
Using built-in specs.
COLLECT_GCC=g++
COLLECT_LTO_WRAPPER=/usr/lib/gcc/x86_64-linux-gnu/5/lto-wrapper
Target: x86_64-linux-gnu
Configured with: ../src/configure -v --with-pkgversion='Ubuntu 5.4.0-6ubuntu1~16.04.10' --with-bugurl=file:///usr/share/doc/gcc-5/README.Bugs --enable-languages=c,ada,c++,java,go,d,fortran,objc,obj-c++ --prefix=/usr --program-suffix=-5 --enable-shared --enable-linker-build-id --libexecdir=/usr/lib --without-included-gettext --enable-threads=posix --libdir=/usr/lib --enable-nls --with-sysroot=/ --enable-clocale=gnu --enable-libstdcxx-debug --enable-libstdcxx-time=yes --with-default-libstdcxx-abi=new --enable-gnu-unique-object --disable-vtable-verify --enable-libmpx --enable-plugin --with-system-zlib --disable-browser-plugin --enable-java-awt=gtk --enable-gtk-cairo --with-java-home=/usr/lib/jvm/java-1.5.0-gcj-5-amd64/jre --enable-java-home --with-jvm-root-dir=/usr/lib/jvm/java-1.5.0-gcj-5-amd64 --with-jvm-jar-dir=/usr/lib/jvm-exports/java-1.5.0-gcj-5-amd64 --with-arch-directory=amd64 --with-ecj-jar=/usr/share/java/eclipse-ecj.jar --enable-objc-gc --enable-multiarch --disable-werror --with-arch-32=i686 --with-abi=m64 --with-multilib-list=m32,m64,mx32 --enable-multilib --with-tune=generic --enable-checking=release --build=x86_64-linux-gnu --host=x86_64-linux-gnu --target=x86_64-linux-gnu
Thread model: posix
gcc version 5.4.0 20160609 (Ubuntu 5.4.0-6ubuntu1~16.04.10) 
configure:2763: $? = 0
configure:2752: g++ -V >&5
g++: error: unrecognized command line option '-V'
g++: fatal error: no input files
compilation terminated.
configure:2763: $? = 1
configure:2752: g++ -qversion >&5
g++: error: unrecognized command line option '-qversion'
g++: fatal error: no input files
compilation terminated.
configure:2763: $? = 1
configure:2767: checking whether we are using the GNU C++ compiler
configure:2795: result: yes
configure:2804: checking whether g++ accepts -g
configure:2865: result: yes
configure:2893: checking for pkg-config
configure:2909: found /usr/bin/pkg-config
configure:2920: result: yes
configure:2983: Now testing for NLopt header file.
configure:2986: checking for grep that handles long lines and -e
configure:3044: result: /bin/grep
configure:3049: checking for egrep
configure:3111: result: /bin/grep -E
configure:3116: checking for ANSI C header files
configure:3136: g++ -c -I/usr/local/include -g -O2 -I/usr/local/include  conftest.cpp >&5
configure:3136: $? = 0
configure:3209: g++ -o conftest -I/usr/local/include -g -O2 -I/usr/local/include   conftest.cpp  >&5
configure:3209: $? = 0
configure:3209: ./conftest
configure:3209: $? = 0
configure:3220: result: yes
configure:3233: checking for sys/types.h
configure:3233: g++ -c -I/usr/local/include -g -O2 -I/usr/local/include  conftest.cpp >&5
configure:3233: $? = 0
configure:3233: result: yes
configure:3233: checking for sys/stat.h
configure:3233: g++ -c -I/usr/local/include -g -O2 -I/usr/local/include  conftest.cpp >&5
configure:3233: $? = 0
configure:3233: result: yes
configure:3233: checking for stdlib.h
configure:3233: g++ -c -I/usr/local/include -g -O2 -I/usr/local/include  conftest.cpp >&5
configure:3233: $? = 0
configure:3233: result: yes
configure:3233: checking for string.h
configure:3233: g++ -c -I/usr/local/include -g -O2 -I/usr/local/include  conftest.cpp >&5
configure:3233: $? = 0
configure:3233: result: yes
configure:3233: checking for memory.h
configure:3233: g++ -c -I/usr/local/include -g -O2 -I/usr/local/include  conftest.cpp >&5
configure:3233: $? = 0
configure:3233: result: yes
configure:3233: checking for strings.h
configure:3233: g++ -c -I/usr/local/include -g -O2 -I/usr/local/include  conftest.cpp >&5
configure:3233: $? = 0
configure:3233: result: yes
configure:3233: checking for inttypes.h
configure:3233: g++ -c -I/usr/local/include -g -O2 -I/usr/local/include  conftest.cpp >&5
configure:3233: $? = 0
configure:3233: result: yes
configure:3233: checking for stdint.h
configure:3233: g++ -c -I/usr/local/include -g -O2 -I/usr/local/include  conftest.cpp >&5
configure:3233: $? = 0
configure:3233: result: yes
configure:3233: checking for unistd.h
configure:3233: g++ -c -I/usr/local/include -g -O2 -I/usr/local/include  conftest.cpp >&5
configure:3233: $? = 0
configure:3233: result: yes
configure:3246: checking nlopt.h usability
configure:3246: g++ -c -I/usr/local/include -g -O2 -I/usr/local/include  conftest.cpp >&5
conftest.cpp:52:19: fatal error: nlopt.h: No such file or directory
compilation terminated.
configure:3246: $? = 1
configure: failed program was:
| /* confdefs.h */
| #define PACKAGE_NAME "nloptr"
| #define PACKAGE_TARNAME "nloptr"
| #define PACKAGE_VERSION "1.0.1"
| #define PACKAGE_STRING "nloptr 1.0.1"
| #define PACKAGE_BUGREPORT ""
| #define PACKAGE_URL ""
| #define STDC_HEADERS 1
| #define HAVE_SYS_TYPES_H 1
| #define HAVE_SYS_STAT_H 1
| #define HAVE_STDLIB_H 1
| #define HAVE_STRING_H 1
| #define HAVE_MEMORY_H 1
| #define HAVE_STRINGS_H 1
| #define HAVE_INTTYPES_H 1
| #define HAVE_STDINT_H 1
| #define HAVE_UNISTD_H 1
| /* end confdefs.h.  */
| #include <stdio.h>
| #ifdef HAVE_SYS_TYPES_H
| # include <sys/types.h>
| #endif
| #ifdef HAVE_SYS_STAT_H
| # include <sys/stat.h>
| #endif
| #ifdef STDC_HEADERS
| # include <stdlib.h>
| # include <stddef.h>
| #else
| # ifdef HAVE_STDLIB_H
| #  include <stdlib.h>
| # endif
| #endif
| #ifdef HAVE_STRING_H
| # if !defined STDC_HEADERS && defined HAVE_MEMORY_H
| #  include <memory.h>
| # endif
| # include <string.h>
| #endif
| #ifdef HAVE_STRINGS_H
| # include <strings.h>
| #endif
| #ifdef HAVE_INTTYPES_H
| # include <inttypes.h>
| #endif
| #ifdef HAVE_STDINT_H
| # include <stdint.h>
| #endif
| #ifdef HAVE_UNISTD_H
| # include <unistd.h>
| #endif
| #include <nlopt.h>
configure:3246: result: no
configure:3246: checking nlopt.h presence
configure:3246: g++ -E -I/usr/local/include  conftest.cpp
conftest.cpp:19:19: fatal error: nlopt.h: No such file or directory
compilation terminated.
configure:3246: $? = 1
configure: failed program was:
| /* confdefs.h */
| #define PACKAGE_NAME "nloptr"
| #define PACKAGE_TARNAME "nloptr"
| #define PACKAGE_VERSION "1.0.1"
| #define PACKAGE_STRING "nloptr 1.0.1"
| #define PACKAGE_BUGREPORT ""
| #define PACKAGE_URL ""
| #define STDC_HEADERS 1
| #define HAVE_SYS_TYPES_H 1
| #define HAVE_SYS_STAT_H 1
| #define HAVE_STDLIB_H 1
| #define HAVE_STRING_H 1
| #define HAVE_MEMORY_H 1
| #define HAVE_STRINGS_H 1
| #define HAVE_INTTYPES_H 1
| #define HAVE_STDINT_H 1
| #define HAVE_UNISTD_H 1
| /* end confdefs.h.  */
| #include <nlopt.h>
configure:3246: result: no
configure:3246: checking for nlopt.h
configure:3246: result: no
configure:3259: Need to download and build NLopt
configure:3311: Starting to install library to /home/vilsen/AAU/PhD/RPackages/MPSMixturesPackage/MPSMixtures/nlopt-2.4.2
configure:3326: Done installing library to /home/vilsen/AAU/PhD/RPackages/MPSMixturesPackage/MPSMixtures/nlopt-2.4.2
configure:3498: creating ./config.status

## ---------------------- ##
## Running config.status. ##
## ---------------------- ##

This file was extended by nloptr config.status 1.0.1, which was
generated by GNU Autoconf 2.69.  Invocation command line was

  CONFIG_FILES    = 
  CONFIG_HEADERS  = 
  CONFIG_LINKS    = 
  CONFIG_COMMANDS = 
  $ ./config.status 

on vilsen-ThinkPad-X250

config.status:726: creating src/Makevars

## ---------------- ##
## Cache variables. ##
## ---------------- ##

ac_cv_cxx_compiler_gnu=yes
ac_cv_env_CCC_set=
ac_cv_env_CCC_value=
ac_cv_env_CPPFLAGS_set=
ac_cv_env_CPPFLAGS_value=
ac_cv_env_CXXCPP_set=
ac_cv_env_CXXCPP_value=
ac_cv_env_CXXFLAGS_set=
ac_cv_env_CXXFLAGS_value=
ac_cv_env_CXX_set=
ac_cv_env_CXX_value=
ac_cv_env_LDFLAGS_set=
ac_cv_env_LDFLAGS_value=
ac_cv_env_LIBS_set=
ac_cv_env_LIBS_value=
ac_cv_env_build_alias_set=
ac_cv_env_build_alias_value=
ac_cv_env_host_alias_set=
ac_cv_env_host_alias_value=
ac_cv_env_target_alias_set=
ac_cv_env_target_alias_value=
ac_cv_header_inttypes_h=yes
ac_cv_header_memory_h=yes
ac_cv_header_nlopt_h=no
ac_cv_header_stdc=yes
ac_cv_header_stdint_h=yes
ac_cv_header_stdlib_h=yes
ac_cv_header_string_h=yes
ac_cv_header_strings_h=yes
ac_cv_header_sys_stat_h=yes
ac_cv_header_sys_types_h=yes
ac_cv_header_unistd_h=yes
ac_cv_objext=o
ac_cv_path_EGREP='/bin/grep -E'
ac_cv_path_GREP=/bin/grep
ac_cv_prog_CXXCPP='g++ -E'
ac_cv_prog_PKGCONFIG=yes
ac_cv_prog_ac_ct_CXX=g++
ac_cv_prog_cxx_g=yes

## ----------------- ##
## Output variables. ##
## ----------------- ##

CPPFLAGS='-I/usr/local/include '
CXX='g++'
CXXCPP='g++ -E'
CXXFLAGS='-I/usr/local/include -g -O2'
DEFS='-DPACKAGE_NAME=\"nloptr\" -DPACKAGE_TARNAME=\"nloptr\" -DPACKAGE_VERSION=\"1.0.1\" -DPACKAGE_STRING=\"nloptr\ 1.0.1\" -DPACKAGE_BUGREPORT=\"\" -DPACKAGE_URL=\"\" -DSTDC_HEADERS=1 -DHAVE_SYS_TYPES_H=1 -DHAVE_SYS_STAT_H=1 -DHAVE_STDLIB_H=1 -DHAVE_STRING_H=1 -DHAVE_MEMORY_H=1 -DHAVE_STRINGS_H=1 -DHAVE_INTTYPES_H=1 -DHAVE_STDINT_H=1 -DHAVE_UNISTD_H=1'
ECHO_C=''
ECHO_N='-n'
ECHO_T=''
EGREP='/bin/grep -E'
EXEEXT=''
GREP='/bin/grep'
LDFLAGS=''
LIBOBJS=''
LIBS=''
LTLIBOBJS=''
OBJEXT='o'
PACKAGE_BUGREPORT=''
PACKAGE_NAME='nloptr'
PACKAGE_STRING='nloptr 1.0.1'
PACKAGE_TARNAME='nloptr'
PACKAGE_URL=''
PACKAGE_VERSION='1.0.1'
PATH_SEPARATOR=':'
PKGCONFIG='yes'
PKG_CFLAGS='  -I/home/vilsen/AAU/PhD/RPackages/MPSMixturesPackage/MPSMixtures/nlopt-2.4.2/include'
PKG_LIBS='  -lm /home/vilsen/AAU/PhD/RPackages/MPSMixturesPackage/MPSMixtures/nlopt-2.4.2/lib/libnlopt_cxx.a'
SHELL='/bin/bash'
ac_ct_CXX='g++'
bindir='${exec_prefix}/bin'
build_alias=''
datadir='${datarootdir}'
datarootdir='${prefix}/share'
docdir='${datarootdir}/doc/${PACKAGE_TARNAME}'
dvidir='${docdir}'
exec_prefix='${prefix}'
host_alias=''
htmldir='${docdir}'
includedir='${prefix}/include'
infodir='${datarootdir}/info'
libdir='${exec_prefix}/lib'
libexecdir='${exec_prefix}/libexec'
localedir='${datarootdir}/locale'
localstatedir='${prefix}/var'
mandir='${datarootdir}/man'
oldincludedir='/usr/include'
pdfdir='${docdir}'
prefix='/usr/local'
program_transform_name='s,x,x,'
psdir='${docdir}'
sbindir='${exec_prefix}/sbin'
sharedstatedir='${prefix}/com'
sysconfdir='${prefix}/etc'
target_alias=''

## ----------- ##
## confdefs.h. ##
## ----------- ##

/* confdefs.h */
#define PACKAGE_NAME "nloptr"
#define PACKAGE_TARNAME "nloptr"
#define PACKAGE_VERSION "1.0.1"
#define PACKAGE_STRING "nloptr 1.0.1"
#define PACKAGE_BUGREPORT ""
#define PACKAGE_URL ""
#define STDC_HEADERS 1
#define HAVE_SYS_TYPES_H 1
#define HAVE_SYS_STAT_H 1
#define HAVE_STDLIB_H 1
#define HAVE_STRING_H 1
#define HAVE_MEMORY_H 1
#define HAVE_STRINGS_H 1
#define HAVE_INTTYPES_H 1
#define HAVE_STDINT_H 1
#define HAVE_UNISTD_H 1

configure: exit 0
